<?xml version="1.0" encoding="UTF-8"?>
<!-- Generated by org.testng.reporters.JUnitReportReporter -->
<testsuite hostname="LAPTOP-EEAS1CV9" failures="0" tests="2" name="OFOS_TestScript.OFOS_Logout_020" time="3.753" errors="0" timestamp="2023-08-05T12:37:29 IST" skipped="0">
  <testcase classname="OFOS_TestScript.OFOS_Logout_020" name="login" time="2.968"/>
  <system-out/>
  <testcase classname="OFOS_TestScript.OFOS_Logout_020" name="logout" time="0.785"/>
  <system-out/>
</testsuite> <!-- OFOS_TestScript.OFOS_Logout_020 -->
