<?xml version="1.0" encoding="UTF-8"?>
<!-- Generated by org.testng.reporters.JUnitReportReporter -->
<testsuite hostname="LAPTOP-EEAS1CV9" failures="0" tests="1" name="OFOS_TestScript.TC012_OFOS_MyOrder" time="9.413" errors="0" timestamp="2023-08-04T15:12:03 IST" skipped="0">
  <testcase classname="OFOS_TestScript.TC012_OFOS_MyOrder" name="placeOrderFromContinentalRestaurant" time="9.413"/>
  <system-out/>
</testsuite> <!-- OFOS_TestScript.TC012_OFOS_MyOrder -->
