<?xml version="1.0" encoding="UTF-8"?>
<!-- Generated by org.testng.reporters.JUnitReportReporter -->
<testsuite hostname="LAPTOP-EEAS1CV9" failures="0" tests="1" name="test_Scripts.RegisterTest" time="1.340" errors="0" timestamp="2023-06-26T16:22:22 IST" skipped="0">
  <testcase classname="test_Scripts.RegisterTest" name="registerTest" time="1.340"/>
  <system-out/>
</testsuite> <!-- test_Scripts.RegisterTest -->
