<?xml version="1.0" encoding="UTF-8"?>
<!-- Generated by org.testng.reporters.JUnitReportReporter -->
<testsuite hostname="LAPTOP-EEAS1CV9" failures="0" tests="1" name="OFOS_TestScript.OFOS_MyOrders_019" time="5.673" errors="0" timestamp="2023-08-05T12:37:29 IST" skipped="0">
  <testcase classname="OFOS_TestScript.OFOS_MyOrders_019" name="placedOrderFromHeavenIndianRestaurant" time="5.673"/>
  <system-out/>
</testsuite> <!-- OFOS_TestScript.OFOS_MyOrders_019 -->
