<?xml version="1.0" encoding="UTF-8"?>
<!-- Generated by org.testng.reporters.JUnitReportReporter -->
<testsuite hostname="LAPTOP-EEAS1CV9" failures="0" tests="1" name="OFOS_TestScript.Demo" time="0.056" errors="0" timestamp="2023-08-01T14:57:13 IST" skipped="0">
  <testcase classname="OFOS_TestScript.Demo" name="demo" time="0.056"/>
  <system-out/>
</testsuite> <!-- OFOS_TestScript.Demo -->
