<?xml version="1.0" encoding="UTF-8"?>
<!-- Generated by org.testng.reporters.JUnitReportReporter -->
<testsuite hostname="LAPTOP-EEAS1CV9" failures="0" tests="1" name="OFOS_TestScript.OFOS_MyOrders_018" time="5.609" errors="0" timestamp="2023-08-05T12:37:29 IST" skipped="0">
  <testcase classname="OFOS_TestScript.OFOS_MyOrders_018" name="placedOrderFromHellRestaurant" time="5.609"/>
  <system-out/>
</testsuite> <!-- OFOS_TestScript.OFOS_MyOrders_018 -->
