<?xml version="1.0" encoding="UTF-8"?>
<!-- Generated by org.testng.reporters.JUnitReportReporter -->
<testsuite hostname="LAPTOP-EEAS1CV9" failures="0" tests="1" name="OFOS_TestScript.OFOS_MyOrders_014" time="10.513" errors="0" timestamp="2023-08-05T12:49:59 IST" skipped="0">
  <testcase classname="OFOS_TestScript.OFOS_MyOrders_014" name="placedOrderFromChineseRestaurant" time="10.513"/>
  <system-out/>
</testsuite> <!-- OFOS_TestScript.OFOS_MyOrders_014 -->
