<?xml version="1.0" encoding="UTF-8"?>
<!-- Generated by org.testng.reporters.JUnitReportReporter -->
<testsuite hostname="LAPTOP-EEAS1CV9" failures="0" tests="1" name="FireLawn_Test_Script.FireLawn_Men_002" time="11.849" errors="0" timestamp="2023-08-01T10:52:58 IST" skipped="0">
  <testcase classname="FireLawn_Test_Script.FireLawn_Men_002" name="mouseHoverOnMenTab" time="11.849"/>
  <system-out/>
</testsuite> <!-- FireLawn_Test_Script.FireLawn_Men_002 -->
